<?xml version="1.0" encoding="UTF-8"?>
<testsuite xmlns:xsi="http://www.w3.org/2001/XMLSchema-instance" xsi:noNamespaceSchemaLocation="https://maven.apache.org/surefire/maven-surefire-plugin/xsd/surefire-test-report-3.0.xsd" version="3.0" name="hellocucumber.RunCucumberTest" time="0.396" tests="15" errors="0" skipped="0" failures="0">
  <properties>
[...]
</properties>
  <testcase name="Example #1" classname="Examples" time="0.11">
    <system-out><![CDATA[
Scenario Outline: Division de dos numeros &amp#27;[90m# hellocucumber/div.feature:11&amp#27;[0m
  &amp#27;[32mGiven &amp#27;[0m&amp#27;[32mInicializamos la calculadora&amp#27;[0m      &amp#27;[90m# hellocucumber.StepDefinitions.init()&amp#27;[0m
  &amp#27;[32mWhen &amp#27;[0m&amp#27;[32mDivido &amp#27;[0m&amp#27;[32m&amp#27;[1m1&amp#27;[0m&amp#27;[32m entre &amp#27;[0m&amp#27;[32m&amp#27;[1m1&amp#27;[0m                   &amp#27;[90m# hellocucumber.StepDefinitions.div(double,double)&amp#27;[0m
  &amp#27;[32mThen &amp#27;[0m&amp#27;[32mEl resultado de la division es &amp#27;[0m&amp#27;[32m&amp#27;[1m1&amp#27;[0m   &amp#27;[90m# hellocucumber.StepDefinitions.resultadoDiv(double)&amp#27;[0m
]]></system-out>
  </testcase>
  <testcase name="Example #1" classname="Examples" time="0.009">
    <system-out><![CDATA[
Scenario Outline: Factorial de un numero &amp#27;[90m# hellocucumber/factorial.feature:11&amp#27;[0m
  &amp#27;[32mGiven &amp#27;[0m&amp#27;[32mInicializamos la calculadora&amp#27;[0m     &amp#27;[90m# hellocucumber.StepDefinitions.init()&amp#27;[0m
  &amp#27;[32mWhen &amp#27;[0m&amp#27;[32mCalculo el factorial de &amp#27;[0m&amp#27;[32m&amp#27;[1m0&amp#27;[0m         &amp#27;[90m# hellocucumber.StepDefinitions.fact(int)&amp#27;[0m
  &amp#27;[32mThen &amp#27;[0m&amp#27;[32mEl factorial es &amp#27;[0m&amp#27;[32m&amp#27;[1m1&amp#27;[0m                 &amp#27;[90m# hellocucumber.StepDefinitions.resultadoFact(int)&amp#27;[0m
]]></system-out>
  </testcase>
  <testcase name="Example #1" classname="Examples" time="0.008">
    <system-out><![CDATA[
Scenario Outline: Multiplicacion de dos numeros &amp#27;[90m# hellocucumber/mult.feature:11&amp#27;[0m
  &amp#27;[32mGiven &amp#27;[0m&amp#27;[32mInicializamos la calculadora&amp#27;[0m            &amp#27;[90m# hellocucumber.StepDefinitions.init()&amp#27;[0m
  &amp#27;[32mWhen &amp#27;[0m&amp#27;[32mMultiplico &amp#27;[0m&amp#27;[32m&amp#27;[1m1&amp#27;[0m&amp#27;[32m y &amp#27;[0m&amp#27;[32m&amp#27;[1m-2&amp#27;[0m                        &amp#27;[90m# hellocucumber.StepDefinitions.mult(double,double)&amp#27;[0m
  &amp#27;[32mThen &amp#27;[0m&amp#27;[32mEl resultado de la multiplicacion es &amp#27;[0m&amp#27;[32m&amp#27;[1m-2&amp#27;[0m  &amp#27;[90m# hellocucumber.StepDefinitions.resultadoMult(double)&amp#27;[0m
]]></system-out>
  </testcase>
  <testcase name="Example #1" classname="Examples" time="0.006">
    <system-out><![CDATA[
Scenario Outline: Suma de dos numeros &amp#27;[90m# hellocucumber/suma.feature:11&amp#27;[0m
  &amp#27;[32mGiven &amp#27;[0m&amp#27;[32mInicializamos la calculadora&amp#27;[0m  &amp#27;[90m# hellocucumber.StepDefinitions.init()&amp#27;[0m
  &amp#27;[32mWhen &amp#27;[0m&amp#27;[32mSumo &amp#27;[0m&amp#27;[32m&amp#27;[1m1&amp#27;[0m&amp#27;[32m y &amp#27;[0m&amp#27;[32m&amp#27;[1m-2&amp#27;[0m                    &amp#27;[90m# hellocucumber.StepDefinitions.suma(double,double)&amp#27;[0m
  &amp#27;[32mThen &amp#27;[0m&amp#27;[32mEl resultado de la suma es &amp#27;[0m&amp#27;[32m&amp#27;[1m-1&amp#27;[0m  &amp#27;[90m# hellocucumber.StepDefinitions.resultadoSuma(double)&amp#27;[0m
]]></system-out>
  </testcase>
  <testcase name="Example #2" classname="Examples" time="0.012">
    <system-out><![CDATA[
Scenario Outline: Division de dos numeros &amp#27;[90m# hellocucumber/div.feature:12&amp#27;[0m
  &amp#27;[32mGiven &amp#27;[0m&amp#27;[32mInicializamos la calculadora&amp#27;[0m      &amp#27;[90m# hellocucumber.StepDefinitions.init()&amp#27;[0m
  &amp#27;[32mWhen &amp#27;[0m&amp#27;[32mDivido &amp#27;[0m&amp#27;[32m&amp#27;[1m45&amp#27;[0m&amp#27;[32m entre &amp#27;[0m&amp#27;[32m&amp#27;[1m5&amp#27;[0m                  &amp#27;[90m# hellocucumber.StepDefinitions.div(double,double)&amp#27;[0m
  &amp#27;[32mThen &amp#27;[0m&amp#27;[32mEl resultado de la division es &amp#27;[0m&amp#27;[32m&amp#27;[1m9&amp#27;[0m   &amp#27;[90m# hellocucumber.StepDefinitions.resultadoDiv(double)&amp#27;[0m
]]></system-out>
  </testcase>
  <testcase name="Example #2" classname="Examples" time="0.009">
    <system-out><![CDATA[
Scenario Outline: Factorial de un numero &amp#27;[90m# hellocucumber/factorial.feature:12&amp#27;[0m
  &amp#27;[32mGiven &amp#27;[0m&amp#27;[32mInicializamos la calculadora&amp#27;[0m     &amp#27;[90m# hellocucumber.StepDefinitions.init()&amp#27;[0m
  &amp#27;[32mWhen &amp#27;[0m&amp#27;[32mCalculo el factorial de &amp#27;[0m&amp#27;[32m&amp#27;[1m3&amp#27;[0m         &amp#27;[90m# hellocucumber.StepDefinitions.fact(int)&amp#27;[0m
  &amp#27;[32mThen &amp#27;[0m&amp#27;[32mEl factorial es &amp#27;[0m&amp#27;[32m&amp#27;[1m6&amp#27;[0m                 &amp#27;[90m# hellocucumber.StepDefinitions.resultadoFact(int)&amp#27;[0m
]]></system-out>
  </testcase>
  <testcase name="Example #2" classname="Examples" time="0.008">
    <system-out><![CDATA[
Scenario Outline: Multiplicacion de dos numeros &amp#27;[90m# hellocucumber/mult.feature:12&amp#27;[0m
  &amp#27;[32mGiven &amp#27;[0m&amp#27;[32mInicializamos la calculadora&amp#27;[0m            &amp#27;[90m# hellocucumber.StepDefinitions.init()&amp#27;[0m
  &amp#27;[32mWhen &amp#27;[0m&amp#27;[32mMultiplico &amp#27;[0m&amp#27;[32m&amp#27;[1m4&amp#27;[0m&amp#27;[32m y &amp#27;[0m&amp#27;[32m&amp#27;[1m5&amp#27;[0m                         &amp#27;[90m# hellocucumber.StepDefinitions.mult(double,double)&amp#27;[0m
  &amp#27;[32mThen &amp#27;[0m&amp#27;[32mEl resultado de la multiplicacion es &amp#27;[0m&amp#27;[32m&amp#27;[1m20&amp#27;[0m  &amp#27;[90m# hellocucumber.StepDefinitions.resultadoMult(double)&amp#27;[0m
]]></system-out>
  </testcase>
  <testcase name="Example #2" classname="Examples" time="0.007">
    <system-out><![CDATA[
Scenario Outline: Suma de dos numeros &amp#27;[90m# hellocucumber/suma.feature:12&amp#27;[0m
  &amp#27;[32mGiven &amp#27;[0m&amp#27;[32mInicializamos la calculadora&amp#27;[0m  &amp#27;[90m# hellocucumber.StepDefinitions.init()&amp#27;[0m
  &amp#27;[32mWhen &amp#27;[0m&amp#27;[32mSumo &amp#27;[0m&amp#27;[32m&amp#27;[1m4&amp#27;[0m&amp#27;[32m y &amp#27;[0m&amp#27;[32m&amp#27;[1m5&amp#27;[0m                     &amp#27;[90m# hellocucumber.StepDefinitions.suma(double,double)&amp#27;[0m
  &amp#27;[32mThen &amp#27;[0m&amp#27;[32mEl resultado de la suma es &amp#27;[0m&amp#27;[32m&amp#27;[1m9&amp#27;[0m   &amp#27;[90m# hellocucumber.StepDefinitions.resultadoSuma(double)&amp#27;[0m
]]></system-out>
  </testcase>
  <testcase name="Example #3" classname="Examples" time="0.015">
    <system-out><![CDATA[
Scenario Outline: Division de dos numeros &amp#27;[90m# hellocucumber/div.feature:13&amp#27;[0m
  &amp#27;[32mGiven &amp#27;[0m&amp#27;[32mInicializamos la calculadora&amp#27;[0m      &amp#27;[90m# hellocucumber.StepDefinitions.init()&amp#27;[0m
  &amp#27;[32mWhen &amp#27;[0m&amp#27;[32mDivido &amp#27;[0m&amp#27;[32m&amp#27;[1m-14&amp#27;[0m&amp#27;[32m entre &amp#27;[0m&amp#27;[32m&amp#27;[1m-2&amp#27;[0m                &amp#27;[90m# hellocucumber.StepDefinitions.div(double,double)&amp#27;[0m
  &amp#27;[32mThen &amp#27;[0m&amp#27;[32mEl resultado de la division es &amp#27;[0m&amp#27;[32m&amp#27;[1m7&amp#27;[0m   &amp#27;[90m# hellocucumber.StepDefinitions.resultadoDiv(double)&amp#27;[0m
]]></system-out>
  </testcase>
  <testcase name="Example #3" classname="Examples" time="0.007">
    <system-out><![CDATA[
Scenario Outline: Factorial de un numero &amp#27;[90m# hellocucumber/factorial.feature:13&amp#27;[0m
  &amp#27;[32mGiven &amp#27;[0m&amp#27;[32mInicializamos la calculadora&amp#27;[0m     &amp#27;[90m# hellocucumber.StepDefinitions.init()&amp#27;[0m
  &amp#27;[32mWhen &amp#27;[0m&amp#27;[32mCalculo el factorial de &amp#27;[0m&amp#27;[32m&amp#27;[1m5&amp#27;[0m         &amp#27;[90m# hellocucumber.StepDefinitions.fact(int)&amp#27;[0m
  &amp#27;[32mThen &amp#27;[0m&amp#27;[32mEl factorial es &amp#27;[0m&amp#27;[32m&amp#27;[1m120&amp#27;[0m               &amp#27;[90m# hellocucumber.StepDefinitions.resultadoFact(int)&amp#27;[0m
]]></system-out>
  </testcase>
  <testcase name="Example #3" classname="Examples" time="0.009">
    <system-out><![CDATA[
Scenario Outline: Multiplicacion de dos numeros &amp#27;[90m# hellocucumber/mult.feature:13&amp#27;[0m
  &amp#27;[32mGiven &amp#27;[0m&amp#27;[32mInicializamos la calculadora&amp#27;[0m            &amp#27;[90m# hellocucumber.StepDefinitions.init()&amp#27;[0m
  &amp#27;[32mWhen &amp#27;[0m&amp#27;[32mMultiplico &amp#27;[0m&amp#27;[32m&amp#27;[1m-2&amp#27;[0m&amp#27;[32m y &amp#27;[0m&amp#27;[32m&amp#27;[1m4&amp#27;[0m                        &amp#27;[90m# hellocucumber.StepDefinitions.mult(double,double)&amp#27;[0m
  &amp#27;[32mThen &amp#27;[0m&amp#27;[32mEl resultado de la multiplicacion es &amp#27;[0m&amp#27;[32m&amp#27;[1m-8&amp#27;[0m  &amp#27;[90m# hellocucumber.StepDefinitions.resultadoMult(double)&amp#27;[0m
]]></system-out>
  </testcase>
  <testcase name="Example #3" classname="Examples" time="0.006">
    <system-out><![CDATA[
Scenario Outline: Suma de dos numeros &amp#27;[90m# hellocucumber/suma.feature:13&amp#27;[0m
  &amp#27;[32mGiven &amp#27;[0m&amp#27;[32mInicializamos la calculadora&amp#27;[0m  &amp#27;[90m# hellocucumber.StepDefinitions.init()&amp#27;[0m
  &amp#27;[32mWhen &amp#27;[0m&amp#27;[32mSumo &amp#27;[0m&amp#27;[32m&amp#27;[1m-2&amp#27;[0m&amp#27;[32m y &amp#27;[0m&amp#27;[32m&amp#27;[1m4&amp#27;[0m                    &amp#27;[90m# hellocucumber.StepDefinitions.suma(double,double)&amp#27;[0m
  &amp#27;[32mThen &amp#27;[0m&amp#27;[32mEl resultado de la suma es &amp#27;[0m&amp#27;[32m&amp#27;[1m2&amp#27;[0m   &amp#27;[90m# hellocucumber.StepDefinitions.resultadoSuma(double)&amp#27;[0m
]]></system-out>
  </testcase>
  <testcase name="No se puede dividir entre 0" classname="Comprobamos la division" time="0.015">
    <system-out><![CDATA[
Scenario: No se puede dividir entre 0 &amp#27;[90m# hellocucumber/div.feature:15&amp#27;[0m
  &amp#27;[32mGiven &amp#27;[0m&amp#27;[32mInicializamos la calculadora&amp#27;[0m  &amp#27;[90m# hellocucumber.StepDefinitions.init()&amp#27;[0m
  &amp#27;[32mWhen &amp#27;[0m&amp#27;[32mDenominador es 0&amp#27;[0m               &amp#27;[90m# hellocucumber.StepDefinitions.div0()&amp#27;[0m
  &amp#27;[32mThen &amp#27;[0m&amp#27;[32mLanza una excepcion&amp#27;[0m            &amp#27;[90m# hellocucumber.StepDefinitions.Excepcion()&amp#27;[0m
]]></system-out>
  </testcase>
  <testcase name="Es primo? 0 es false y 1 es true" classname="Comprobamos si es primo" time="0.007">
    <system-out><![CDATA[
Scenario: Es primo? 0 es false y 1 es true &amp#27;[90m# hellocucumber/primo.feature:3&amp#27;[0m
  &amp#27;[32mGiven &amp#27;[0m&amp#27;[32mInicializamos la calculadora&amp#27;[0m       &amp#27;[90m# hellocucumber.StepDefinitions.init()&amp#27;[0m
  &amp#27;[32mWhen &amp#27;[0m&amp#27;[32mVeo si &amp#27;[0m&amp#27;[32m&amp#27;[1m7&amp#27;[0m&amp#27;[32m es primo&amp#27;[0m                   &amp#27;[90m# hellocucumber.StepDefinitions.esPrimo(int)&amp#27;[0m
  &amp#27;[32mThen &amp#27;[0m&amp#27;[32mEl resultado es &amp#27;[0m&amp#27;[32m&amp#27;[1m"true"&amp#27;[0m              &amp#27;[90m# hellocucumber.StepDefinitions.resultadoPrimo(java.lang.String)&amp#27;[0m
]]></system-out>
  </testcase>
  <testcase name="Resta de dos numeros" classname="Comprobamos la resta" time="0.005">
    <system-out><![CDATA[
Scenario: Resta de dos numeros        &amp#27;[90m# hellocucumber/resta.feature:3&amp#27;[0m
  &amp#27;[32mGiven &amp#27;[0m&amp#27;[32mInicializamos la calculadora&amp#27;[0m  &amp#27;[90m# hellocucumber.StepDefinitions.init()&amp#27;[0m
  &amp#27;[32mWhen &amp#27;[0m&amp#27;[32mResto &amp#27;[0m&amp#27;[32m&amp#27;[1m4&amp#27;[0m&amp#27;[32m y &amp#27;[0m&amp#27;[32m&amp#27;[1m5&amp#27;[0m                    &amp#27;[90m# hellocucumber.StepDefinitions.resta(double,double)&amp#27;[0m
  &amp#27;[32mThen &amp#27;[0m&amp#27;[32mEl resultado de la resta es &amp#27;[0m&amp#27;[32m&amp#27;[1m-1&amp#27;[0m &amp#27;[90m# hellocucumber.StepDefinitions.resultadoResta(double)&amp#27;[0m
]]></system-out>
  </testcase>
</testsuite>